Unity Editor version:    2021.3.8f1 (b30333d56e81)
Branch:                  2021.3/staging
Build type:              Release
Batch mode:              YES
macOS version:           Version 11.6.8 (Build 20G730)
Darwin version:          20.6.0
Architecture:            x86_64
Running under Rosetta:   NO
Available memory:        32768 MB
Using pre-set license
Pro License: YES

COMMAND LINE ARGUMENTS:
/Applications/Unity/Hub/Editor/2021.3.8f1/Unity.app/Contents/MacOS/Unity
-adb2
-batchMode
-noUpm
-name
AssetImportWorker2
-projectPath
/Users/dan.eliyahu/UnityProjects/SkyRoads/SkyRoads
-logFile
Logs/AssetImportWorker2.log
-srvPort
50430
Successfully changed project path to: /Users/dan.eliyahu/UnityProjects/SkyRoads/SkyRoads
/Users/dan.eliyahu/UnityProjects/SkyRoads/SkyRoads
[UnityMemory] Configuration Parameters - Can be set up in boot.config
    "memorysetup-bucket-allocator-granularity=16"
    "memorysetup-bucket-allocator-bucket-count=8"
    "memorysetup-bucket-allocator-block-size=33554432"
    "memorysetup-bucket-allocator-block-count=8"
    "memorysetup-main-allocator-block-size=16777216"
    "memorysetup-thread-allocator-block-size=16777216"
    "memorysetup-gfx-main-allocator-block-size=16777216"
    "memorysetup-gfx-thread-allocator-block-size=16777216"
    "memorysetup-cache-allocator-block-size=4194304"
    "memorysetup-typetree-allocator-block-size=2097152"
    "memorysetup-profiler-bucket-allocator-granularity=16"
    "memorysetup-profiler-bucket-allocator-bucket-count=8"
    "memorysetup-profiler-bucket-allocator-block-size=33554432"
    "memorysetup-profiler-bucket-allocator-block-count=8"
    "memorysetup-profiler-allocator-block-size=16777216"
    "memorysetup-profiler-editor-allocator-block-size=1048576"
    "memorysetup-temp-allocator-size-main=16777216"
    "memorysetup-job-temp-allocator-block-size=2097152"
    "memorysetup-job-temp-allocator-block-size-background=1048576"
    "memorysetup-job-temp-allocator-reduction-small-platforms=262144"
    "memorysetup-temp-allocator-size-background-worker=32768"
    "memorysetup-temp-allocator-size-job-worker=262144"
    "memorysetup-temp-allocator-size-preload-manager=33554432"
    "memorysetup-temp-allocator-size-nav-mesh-worker=65536"
    "memorysetup-temp-allocator-size-audio-worker=65536"
    "memorysetup-temp-allocator-size-cloud-worker=32768"
    "memorysetup-temp-allocator-size-gi-baking-worker=262144"
    "memorysetup-temp-allocator-size-gfx=262144"
Refreshing native plugins compatible for Editor in 98.23 ms, found 2 plugins.
Preloading 0 native plugins for Editor in 0.00 ms.
Initialize engine version: 2021.3.8f1 (b30333d56e81)
[Subsystems] Discovering subsystems at path /Applications/Unity/Hub/Editor/2021.3.8f1/Unity.app/Contents/Resources/UnitySubsystems
[Subsystems] Discovering subsystems at path /Users/dan.eliyahu/UnityProjects/SkyRoads/SkyRoads/Assets
GfxDevice: creating device client; threaded=0; jobified=0
Color LCD preferred device: AMD Radeon Pro 5300M (high power)
Metal devices available: 2
0: AMD Radeon Pro 5300M (high power)
1: Intel(R) UHD Graphics 630 (low power)
Using device AMD Radeon Pro 5300M (high power)
Initializing Metal device caps: AMD Radeon Pro 5300M
Initialize mono
Mono path[0] = '/Applications/Unity/Hub/Editor/2021.3.8f1/Unity.app/Contents/Managed'
Mono path[1] = '/Applications/Unity/Hub/Editor/2021.3.8f1/Unity.app/Contents/MonoBleedingEdge/lib/mono/unityjit-macos'
Mono config path = '/Applications/Unity/Hub/Editor/2021.3.8f1/Unity.app/Contents/MonoBleedingEdge/etc'
Using monoOptions --debugger-agent=transport=dt_socket,embedding=1,server=y,suspend=n,address=127.0.0.1:56960
Begin MonoManager ReloadAssembly
Registering precompiled unity dll's ...
Register platform support module: /Applications/Unity/Hub/Editor/2021.3.8f1/Unity.app/Contents/PlaybackEngines/MacStandaloneSupport/UnityEditor.OSXStandalone.Extensions.dll
Registered in 0.001659 seconds.
Native extension for OSXStandalone target not found
Refreshing native plugins compatible for Editor in 95.94 ms, found 2 plugins.
Preloading 0 native plugins for Editor in 0.00 ms.
Mono: successfully reloaded assembly
- Completed reload, in  0.811 seconds
Domain Reload Profiling:
	ReloadAssembly (811ms)
		BeginReloadAssembly (82ms)
			ExecutionOrderSort (0ms)
			DisableScriptedObjects (0ms)
			BackupInstance (0ms)
			ReleaseScriptingObjects (0ms)
			CreateAndSetChildDomain (1ms)
		EndReloadAssembly (583ms)
			LoadAssemblies (81ms)
			RebuildTransferFunctionScriptingTraits (0ms)
			SetupTypeCache (155ms)
			ReleaseScriptCaches (0ms)
			RebuildScriptCaches (39ms)
			SetupLoadedEditorAssemblies (331ms)
				LogAssemblyErrors (0ms)
				InitializePlatformSupportModulesInManaged (8ms)
				SetLoadedEditorAssemblies (0ms)
				RefreshPlugins (96ms)
				BeforeProcessingInitializeOnLoad (1ms)
				ProcessInitializeOnLoadAttributes (170ms)
				ProcessInitializeOnLoadMethodAttributes (56ms)
				AfterProcessingInitializeOnLoad (0ms)
				EditorAssembliesLoaded (0ms)
			ExecutionOrderSort2 (0ms)
			AwakeInstancesAfterBackupRestoration (0ms)
Platform modules already initialized, skipping
Registering precompiled user dll's ...
Registered in 0.003450 seconds.
Begin MonoManager ReloadAssembly
Symbol file LoadedFromMemory doesn't match image /Users/dan.eliyahu/UnityProjects/SkyRoads/SkyRoads/Library/PackageCache/com.unity.visualscripting@1.7.8/Editor/VisualScripting.Core/Dependencies/YamlDotNet/Unity.VisualScripting.YamlDotNet.dll
Symbol file LoadedFromMemory doesn't match image /Users/dan.eliyahu/UnityProjects/SkyRoads/SkyRoads/Library/PackageCache/com.unity.visualscripting@1.7.8/Editor/VisualScripting.Core/Dependencies/DotNetZip/Unity.VisualScripting.IonicZip.dll
Native extension for OSXStandalone target not found
Refreshing native plugins compatible for Editor in 0.48 ms, found 2 plugins.
Preloading 0 native plugins for Editor in 0.00 ms.
Mono: successfully reloaded assembly
- Completed reload, in  1.229 seconds
Domain Reload Profiling:
	ReloadAssembly (1230ms)
		BeginReloadAssembly (155ms)
			ExecutionOrderSort (0ms)
			DisableScriptedObjects (11ms)
			BackupInstance (0ms)
			ReleaseScriptingObjects (0ms)
			CreateAndSetChildDomain (35ms)
		EndReloadAssembly (920ms)
			LoadAssemblies (84ms)
			RebuildTransferFunctionScriptingTraits (0ms)
			SetupTypeCache (344ms)
			ReleaseScriptCaches (1ms)
			RebuildScriptCaches (57ms)
			SetupLoadedEditorAssemblies (390ms)
				LogAssemblyErrors (0ms)
				InitializePlatformSupportModulesInManaged (5ms)
				SetLoadedEditorAssemblies (1ms)
				RefreshPlugins (1ms)
				BeforeProcessingInitializeOnLoad (82ms)
				ProcessInitializeOnLoadAttributes (268ms)
				ProcessInitializeOnLoadMethodAttributes (32ms)
				AfterProcessingInitializeOnLoad (2ms)
				EditorAssembliesLoaded (0ms)
			ExecutionOrderSort2 (0ms)
			AwakeInstancesAfterBackupRestoration (4ms)
Platform modules already initialized, skipping
========================================================================
Worker process is ready to serve import requests
Launching external process: /Applications/Unity/Hub/Editor/2021.3.8f1/Unity.app/Contents/Tools/UnityShaderCompiler
Launched and connected shader compiler UnityShaderCompiler after 0.03 seconds
Refreshing native plugins compatible for Editor in 0.53 ms, found 2 plugins.
Preloading 0 native plugins for Editor in 0.00 ms.
Unloading 3382 Unused Serialized files (Serialized files now loaded: 0)
Unloading 27 unused Assets / (94.4 KB). Loaded Objects now: 3840.
Memory consumption went from 233.6 MB to 233.5 MB.
Total: 3.453006 ms (FindLiveObjects: 0.251869 ms CreateObjectMapping: 0.178937 ms MarkObjects: 2.909189 ms  DeleteObjects: 0.112213 ms)

AssetImportParameters requested are different than current active one (requested -> active):
  custom:video-decoder-ogg-theora: a1e56fd34408186e4bbccfd4996cb3dc -> 
  custom:container-muxer-webm: aa71ff27fc2769a1b78a27578f13a17b -> 
  custom:container-demuxer-webm: 4f35f7cbe854078d1ac9338744f61a02 -> 
  custom:video-encoder-webm-vp8: eb34c28f22e8b96e1ab97ce403110664 -> 
  custom:framework-osx-AVFoundation: e770b220cccbd017edd2c1fefb359320 -> 
  custom:audio-encoder-webm-vorbis: bf7c407c2cedff20999df2af8eb42d56 -> 
  custom:container-demuxer-ogg: 62fdf1f143b41e24485cea50d1cbac27 -> 
  custom:video-decoder-webm-vp8: 9c59270c3fd7afecdb556c50c9e8de78 -> 
  custom:audio-decoder-ogg-vorbis: bf7c407c2cedff20999df2af8eb42d56 -> 
========================================================================
Received Import Request.
  Time since last request: 19821.966854 seconds.
  path: Assets/Template/Entities/Spaceship
  artifactKey: Guid(c10754cfa30e17d43afe7f706e13455d) Importer(815301076,1909f56bfc062723c751e8b465ee728b)
Start importing Assets/Template/Entities/Spaceship using Guid(c10754cfa30e17d43afe7f706e13455d) Importer(815301076,1909f56bfc062723c751e8b465ee728b)  -> (artifact id: '89340d97e42e54a280328fd2b917e5ad') in 0.006855 seconds 
========================================================================
Received Import Request.
  Time since last request: 0.048915 seconds.
  path: Assets/Template/Entities/Spaceship/Spaceship - FBX.fbx
  artifactKey: Guid(e7674e9ed06151745829c8f47cc06893) Importer(815301076,1909f56bfc062723c751e8b465ee728b)
Start importing Assets/Template/Entities/Spaceship/Spaceship - FBX.fbx using Guid(e7674e9ed06151745829c8f47cc06893) Importer(815301076,1909f56bfc062723c751e8b465ee728b)  -> (artifact id: '0b48e9b5a6a707a0f49bf1a7fe8b6432') in 1.485448 seconds 
========================================================================
Received Import Request.
  Time since last request: 50.268250 seconds.
  path: Assets/Template/Entities/Spaceship/Materials
  artifactKey: Guid(4466a6bf3fc45403d935f84bfcaf42c2) Importer(815301076,1909f56bfc062723c751e8b465ee728b)
Start importing Assets/Template/Entities/Spaceship/Materials using Guid(4466a6bf3fc45403d935f84bfcaf42c2) Importer(815301076,1909f56bfc062723c751e8b465ee728b)  -> (artifact id: 'b1db34c9d4f849a49739fea42b404d85') in 0.000920 seconds 
========================================================================
Received Import Request.
  Time since last request: 0.064933 seconds.
  path: Assets/Template/Entities/Spaceship/Materials/Spaceship_DG.mat
  artifactKey: Guid(b824bae368d3745068f1675271746293) Importer(815301076,1909f56bfc062723c751e8b465ee728b)
Start importing Assets/Template/Entities/Spaceship/Materials/Spaceship_DG.mat using Guid(b824bae368d3745068f1675271746293) Importer(815301076,1909f56bfc062723c751e8b465ee728b)  -> (artifact id: '2a3982c221753738d1e9f2e3bd1d52d1') in 0.365621 seconds 
========================================================================
Received Import Request.
  Time since last request: 9.996332 seconds.
  path: Assets/Template/Textures/Environment/Skybox/Blue - Back.png
  artifactKey: Guid(ad0db25bfc29141449ae18c741fe44ec) Importer(815301076,1909f56bfc062723c751e8b465ee728b)
Start importing Assets/Template/Textures/Environment/Skybox/Blue - Back.png using Guid(ad0db25bfc29141449ae18c741fe44ec) Importer(815301076,1909f56bfc062723c751e8b465ee728b)  -> (artifact id: 'fa827670b55ee324c29e912218e68068') in 1.697998 seconds 
========================================================================
Received Import Request.
  Time since last request: 0.005806 seconds.
  path: Assets/Template/Textures/Environment/Skybox/Blue - Front.png
  artifactKey: Guid(5998ab7218bf9464ea8f22898b1cdb1d) Importer(815301076,1909f56bfc062723c751e8b465ee728b)
Start importing Assets/Template/Textures/Environment/Skybox/Blue - Front.png using Guid(5998ab7218bf9464ea8f22898b1cdb1d) Importer(815301076,1909f56bfc062723c751e8b465ee728b)  -> (artifact id: 'a8729cf6e5075afb0174175f5a5e2806') in 0.016962 seconds 
========================================================================
Received Import Request.
  Time since last request: 0.000104 seconds.
  path: Assets/Template/Textures/Environment/Road/sci_fi_002_Emissive.tga
  artifactKey: Guid(a014c1d3d536d744492f5f77ab827480) Importer(815301076,1909f56bfc062723c751e8b465ee728b)
Start importing Assets/Template/Textures/Environment/Road/sci_fi_002_Emissive.tga using Guid(a014c1d3d536d744492f5f77ab827480) Importer(815301076,1909f56bfc062723c751e8b465ee728b)  -> (artifact id: '5baf63f5e016c6828b4223775d5be008') in 0.728326 seconds 
Editor requested this worker to shutdown with reason: Scaling down because of idle timeout
AssetImportWorkerClient::OnTransportError - code=2 error=End of file
AssetImportWorker is now disconnected from the server
Process exiting
